# JRE version: Java(TM) SE Runtime Environment (8.0_192-b12) (build 1.8.0_192-b12)
# Java VM: Java HotSpot(TM) 64-Bit Server VM (25.192-b12 mixed mode windows-amd64 compressed oops)
Heap:
 PSYoungGen      total 351232K, used 10951K [0x0000000780d00000, 0x000000079c900000, 0x00000007c0000000)
  eden space 325120K, 0% used [0x0000000780d00000,0x0000000780d00000,0x0000000794a80000)
  from space 26112K, 41% used [0x0000000794a80000,0x0000000795531c20,0x0000000796400000)
  to   space 25088K, 0% used [0x000000079b080000,0x000000079b080000,0x000000079c900000)
 ParOldGen       total 173568K, used 38796K [0x0000000702600000, 0x000000070cf80000, 0x0000000780d00000)
  object space 173568K, 22% used [0x0000000702600000,0x0000000704be33d0,0x000000070cf80000)
 Metaspace       used 61924K, capacity 65231K, committed 65408K, reserved 1105920K
  class space    used 8799K, capacity 9343K, committed 9344K, reserved 1048576K
GC Heap History (10 events):
Event: 6.818 GC heap after
Heap after GC invocations=10 (full 2):
 PSYoungGen      total 268288K, used 0K [0x0000000780d00000, 0x0000000792880000, 0x00000007c0000000)
  eden space 252928K, 0% used [0x0000000780d00000,0x0000000780d00000,0x0000000790400000)
  from space 15360K, 0% used [0x0000000791580000,0x0000000791580000,0x0000000792480000)
  to   space 17920K, 0% used [0x0000000790400000,0x0000000790400000,0x0000000791580000)
 ParOldGen       total 119808K, used 21363K [0x0000000702600000, 0x0000000709b00000, 0x0000000780d00000)
  object space 119808K, 17% used [0x0000000702600000,0x0000000703adcea0,0x0000000709b00000)
 Metaspace       used 33460K, capacity 35356K, committed 35496K, reserved 1079296K
  class space    used 4522K, capacity 4859K, committed 4864K, reserved 1048576K
}
Event: 10.491 GC heap before
{Heap before GC invocations=11 (full 2):
 PSYoungGen      total 268288K, used 252928K [0x0000000780d00000, 0x0000000792880000, 0x00000007c0000000)
  eden space 252928K, 100% used [0x0000000780d00000,0x0000000790400000,0x0000000790400000)
  from space 15360K, 0% used [0x0000000791580000,0x0000000791580000,0x0000000792480000)
  to   space 17920K, 0% used [0x0000000790400000,0x0000000790400000,0x0000000791580000)
 ParOldGen       total 119808K, used 21363K [0x0000000702600000, 0x0000000709b00000, 0x0000000780d00000)
  object space 119808K, 17% used [0x0000000702600000,0x0000000703adcea0,0x0000000709b00000)
 Metaspace       used 52474K, capacity 55180K, committed 55296K, reserved 1097728K
  class space    used 7423K, capacity 7893K, committed 7936K, reserved 1048576K
Event: 10.520 GC heap after
Heap after GC invocations=11 (full 2):
 PSYoungGen      total 270848K, used 17888K [0x0000000780d00000, 0x0000000797b00000, 0x00000007c0000000)
  eden space 252928K, 0% used [0x0000000780d00000,0x0000000780d00000,0x0000000790400000)
  from space 17920K, 99% used [0x0000000790400000,0x0000000791578068,0x0000000791580000)
  to   space 23552K, 0% used [0x0000000796400000,0x0000000796400000,0x0000000797b00000)
 ParOldGen       total 119808K, used 28849K [0x0000000702600000, 0x0000000709b00000, 0x0000000780d00000)
  object space 119808K, 24% used [0x0000000702600000,0x000000070422c720,0x0000000709b00000)
 Metaspace       used 52474K, capacity 55180K, committed 55296K, reserved 1097728K
  class space    used 7423K, capacity 7893K, committed 7936K, reserved 1048576K
}
Event: 11.914 GC heap before
{Heap before GC invocations=12 (full 2):
 PSYoungGen      total 270848K, used 205022K [0x0000000780d00000, 0x0000000797b00000, 0x00000007c0000000)
  eden space 252928K, 73% used [0x0000000780d00000,0x000000078c3bfa30,0x0000000790400000)
  from space 17920K, 99% used [0x0000000790400000,0x0000000791578068,0x0000000791580000)
  to   space 23552K, 0% used [0x0000000796400000,0x0000000796400000,0x0000000797b00000)
 ParOldGen       total 119808K, used 28849K [0x0000000702600000, 0x0000000709b00000, 0x0000000780d00000)
  object space 119808K, 24% used [0x0000000702600000,0x000000070422c720,0x0000000709b00000)
 Metaspace       used 55996K, capacity 59043K, committed 59160K, reserved 1099776K
  class space    used 7950K, capacity 8459K, committed 8576K, reserved 1048576K
Event: 11.940 GC heap after
Heap after GC invocations=12 (full 2):
 PSYoungGen      total 348672K, used 20622K [0x0000000780d00000, 0x0000000798100000, 0x00000007c0000000)
  eden space 325120K, 0% used [0x0000000780d00000,0x0000000780d00000,0x0000000794a80000)
  from space 23552K, 87% used [0x0000000796400000,0x0000000797823838,0x0000000797b00000)
  to   space 26112K, 0% used [0x0000000794a80000,0x0000000794a80000,0x0000000796400000)
 ParOldGen       total 119808K, used 28857K [0x0000000702600000, 0x0000000709b00000, 0x0000000780d00000)
  object space 119808K, 24% used [0x0000000702600000,0x000000070422e720,0x0000000709b00000)
 Metaspace       used 55996K, capacity 59043K, committed 59160K, reserved 1099776K
  class space    used 7950K, capacity 8459K, committed 8576K, reserved 1048576K
}
Event: 11.940 GC heap before
{Heap before GC invocations=13 (full 3):
 PSYoungGen      total 348672K, used 20622K [0x0000000780d00000, 0x0000000798100000, 0x00000007c0000000)
  eden space 325120K, 0% used [0x0000000780d00000,0x0000000780d00000,0x0000000794a80000)
  from space 23552K, 87% used [0x0000000796400000,0x0000000797823838,0x0000000797b00000)
  to   space 26112K, 0% used [0x0000000794a80000,0x0000000794a80000,0x0000000796400000)
 ParOldGen       total 119808K, used 28857K [0x0000000702600000, 0x0000000709b00000, 0x0000000780d00000)
  object space 119808K, 24% used [0x0000000702600000,0x000000070422e720,0x0000000709b00000)
 Metaspace       used 55996K, capacity 59043K, committed 59160K, reserved 1099776K
  class space    used 7950K, capacity 8459K, committed 8576K, reserved 1048576K
Event: 12.152 GC heap after
Heap after GC invocations=13 (full 3):
 PSYoungGen      total 348672K, used 0K [0x0000000780d00000, 0x0000000798100000, 0x00000007c0000000)
  eden space 325120K, 0% used [0x0000000780d00000,0x0000000780d00000,0x0000000794a80000)
  from space 23552K, 0% used [0x0000000796400000,0x0000000796400000,0x0000000797b00000)
  to   space 26112K, 0% used [0x0000000794a80000,0x0000000794a80000,0x0000000796400000)
 ParOldGen       total 173568K, used 38788K [0x0000000702600000, 0x000000070cf80000, 0x0000000780d00000)
  object space 173568K, 22% used [0x0000000702600000,0x0000000704be13d0,0x000000070cf80000)
 Metaspace       used 55992K, capacity 59037K, committed 59160K, reserved 1099776K
  class space    used 7949K, capacity 8458K, committed 8576K, reserved 1048576K
}
Event: 814.768 GC heap before
{Heap before GC invocations=14 (full 3):
 PSYoungGen      total 348672K, used 323885K [0x0000000780d00000, 0x0000000798100000, 0x00000007c0000000)
  eden space 325120K, 99% used [0x0000000780d00000,0x000000079494b4a0,0x0000000794a80000)
  from space 23552K, 0% used [0x0000000796400000,0x0000000796400000,0x0000000797b00000)
  to   space 26112K, 0% used [0x0000000794a80000,0x0000000794a80000,0x0000000796400000)
 ParOldGen       total 173568K, used 38788K [0x0000000702600000, 0x000000070cf80000, 0x0000000780d00000)
  object space 173568K, 22% used [0x0000000702600000,0x0000000704be13d0,0x000000070cf80000)
 Metaspace       used 61924K, capacity 65231K, committed 65408K, reserved 1105920K
  class space    used 8799K, capacity 9343K, committed 9344K, reserved 1048576K
Event: 814.784 GC heap after
Heap after GC invocations=14 (full 3):
 PSYoungGen      total 351232K, used 10951K [0x0000000780d00000, 0x000000079c900000, 0x00000007c0000000)
  eden space 325120K, 0% used [0x0000000780d00000,0x0000000780d00000,0x0000000794a80000)
  from space 26112K, 41% used [0x0000000794a80000,0x0000000795531c20,0x0000000796400000)
  to   space 25088K, 0% used [0x000000079b080000,0x000000079b080000,0x000000079c900000)
 ParOldGen       total 173568K, used 38796K [0x0000000702600000, 0x000000070cf80000, 0x0000000780d00000)
  object space 173568K, 22% used [0x0000000702600000,0x0000000704be33d0,0x000000070cf80000)
 Metaspace       used 61924K, capacity 65231K, committed 65408K, reserved 1105920K
  class space    used 8799K, capacity 9343K, committed 9344K, reserved 1048576K
}
Event: 814.784 GC heap before
{Heap before GC invocations=15 (full 4):
 PSYoungGen      total 351232K, used 10951K [0x0000000780d00000, 0x000000079c900000, 0x00000007c0000000)
  eden space 325120K, 0% used [0x0000000780d00000,0x0000000780d00000,0x0000000794a80000)
  from space 26112K, 41% used [0x0000000794a80000,0x0000000795531c20,0x0000000796400000)
  to   space 25088K, 0% used [0x000000079b080000,0x000000079b080000,0x000000079c900000)
 ParOldGen       total 173568K, used 38796K [0x0000000702600000, 0x000000070cf80000, 0x0000000780d00000)
  object space 173568K, 22% used [0x0000000702600000,0x0000000704be33d0,0x000000070cf80000)
 Metaspace       used 61924K, capacity 65231K, committed 65408K, reserved 1105920K
  class space    used 8799K, capacity 9343K, committed 9344K, reserved 1048576K

