# JRE version: Java(TM) SE Runtime Environment (8.0_192-b12) (build 1.8.0_192-b12)
# Java VM: Java HotSpot(TM) 64-Bit Server VM (25.192-b12 mixed mode windows-amd64 compressed oops)
Heap:
 PSYoungGen      total 421376K, used 94837K [0x0000000780d00000, 0x000000079c600000, 0x00000007c0000000)
  eden space 410624K, 23% used [0x0000000780d00000,0x000000078699d710,0x0000000799e00000)
  from space 10752K, 0% used [0x0000000799e00000,0x0000000799e00000,0x000000079a880000)
  to   space 20480K, 0% used [0x000000079b200000,0x000000079b200000,0x000000079c600000)
 ParOldGen       total 183808K, used 39533K [0x0000000702600000, 0x000000070d980000, 0x0000000780d00000)
  object space 183808K, 21% used [0x0000000702600000,0x0000000704c9b528,0x000000070d980000)
 Metaspace       used 66397K, capacity 70636K, committed 70872K, reserved 1110016K
  class space    used 9167K, capacity 9910K, committed 9984K, reserved 1048576K
GC Heap History (10 events):
Event: 286.419 GC heap before
{Heap before GC invocations=21 (full 6):
 PSYoungGen      total 375296K, used 353741K [0x0000000780d00000, 0x0000000799280000, 0x00000007c0000000)
  eden space 353792K, 99% used [0x0000000780d00000,0x0000000796673740,0x0000000796680000)
  from space 21504K, 0% used [0x0000000797d80000,0x0000000797d80000,0x0000000799280000)
  to   space 22528K, 0% used [0x0000000796680000,0x0000000796680000,0x0000000797c80000)
 ParOldGen       total 183808K, used 37301K [0x0000000702600000, 0x000000070d980000, 0x0000000780d00000)
  object space 183808K, 20% used [0x0000000702600000,0x0000000704a6d720,0x000000070d980000)
 Metaspace       used 62172K, capacity 66054K, committed 66264K, reserved 1105920K
  class space    used 8744K, capacity 9424K, committed 9472K, reserved 1048576K
Event: 286.440 GC heap after
Heap after GC invocations=21 (full 6):
 PSYoungGen      total 376320K, used 12435K [0x0000000780d00000, 0x000000079c900000, 0x00000007c0000000)
  eden space 353792K, 0% used [0x0000000780d00000,0x0000000780d00000,0x0000000796680000)
  from space 22528K, 55% used [0x0000000796680000,0x00000007972a4cb0,0x0000000797c80000)
  to   space 22016K, 0% used [0x000000079b380000,0x000000079b380000,0x000000079c900000)
 ParOldGen       total 183808K, used 37309K [0x0000000702600000, 0x000000070d980000, 0x0000000780d00000)
  object space 183808K, 20% used [0x0000000702600000,0x0000000704a6f720,0x000000070d980000)
 Metaspace       used 62172K, capacity 66054K, committed 66264K, reserved 1105920K
  class space    used 8744K, capacity 9424K, committed 9472K, reserved 1048576K
}
Event: 333.274 GC heap before
{Heap before GC invocations=22 (full 6):
 PSYoungGen      total 376320K, used 256302K [0x0000000780d00000, 0x000000079c900000, 0x00000007c0000000)
  eden space 353792K, 68% used [0x0000000780d00000,0x000000078fb26ee8,0x0000000796680000)
  from space 22528K, 55% used [0x0000000796680000,0x00000007972a4cb0,0x0000000797c80000)
  to   space 22016K, 0% used [0x000000079b380000,0x000000079b380000,0x000000079c900000)
 ParOldGen       total 183808K, used 37309K [0x0000000702600000, 0x000000070d980000, 0x0000000780d00000)
  object space 183808K, 20% used [0x0000000702600000,0x0000000704a6f720,0x000000070d980000)
 Metaspace       used 65586K, capacity 69710K, committed 69976K, reserved 1110016K
  class space    used 9066K, capacity 9761K, committed 9856K, reserved 1048576K
Event: 333.289 GC heap after
Heap after GC invocations=22 (full 6):
 PSYoungGen      total 430592K, used 9925K [0x0000000780d00000, 0x000000079c700000, 0x00000007c0000000)
  eden space 410624K, 0% used [0x0000000780d00000,0x0000000780d00000,0x0000000799e00000)
  from space 19968K, 49% used [0x000000079b380000,0x000000079bd315f0,0x000000079c700000)
  to   space 20992K, 0% used [0x0000000799e00000,0x0000000799e00000,0x000000079b280000)
 ParOldGen       total 183808K, used 37317K [0x0000000702600000, 0x000000070d980000, 0x0000000780d00000)
  object space 183808K, 20% used [0x0000000702600000,0x0000000704a71720,0x000000070d980000)
 Metaspace       used 65586K, capacity 69710K, committed 69976K, reserved 1110016K
  class space    used 9066K, capacity 9761K, committed 9856K, reserved 1048576K
}
Event: 333.289 GC heap before
{Heap before GC invocations=23 (full 7):
 PSYoungGen      total 430592K, used 9925K [0x0000000780d00000, 0x000000079c700000, 0x00000007c0000000)
  eden space 410624K, 0% used [0x0000000780d00000,0x0000000780d00000,0x0000000799e00000)
  from space 19968K, 49% used [0x000000079b380000,0x000000079bd315f0,0x000000079c700000)
  to   space 20992K, 0% used [0x0000000799e00000,0x0000000799e00000,0x000000079b280000)
 ParOldGen       total 183808K, used 37317K [0x0000000702600000, 0x000000070d980000, 0x0000000780d00000)
  object space 183808K, 20% used [0x0000000702600000,0x0000000704a71720,0x000000070d980000)
 Metaspace       used 65586K, capacity 69710K, committed 69976K, reserved 1110016K
  class space    used 9066K, capacity 9761K, committed 9856K, reserved 1048576K
Event: 333.591 GC heap after
Heap after GC invocations=23 (full 7):
 PSYoungGen      total 430592K, used 0K [0x0000000780d00000, 0x000000079c700000, 0x00000007c0000000)
  eden space 410624K, 0% used [0x0000000780d00000,0x0000000780d00000,0x0000000799e00000)
  from space 19968K, 0% used [0x000000079b380000,0x000000079b380000,0x000000079c700000)
  to   space 20992K, 0% used [0x0000000799e00000,0x0000000799e00000,0x000000079b280000)
 ParOldGen       total 183808K, used 37648K [0x0000000702600000, 0x000000070d980000, 0x0000000780d00000)
  object space 183808K, 20% used [0x0000000702600000,0x0000000704ac4178,0x000000070d980000)
 Metaspace       used 65525K, capacity 69540K, committed 69976K, reserved 1110016K
  class space    used 9062K, capacity 9756K, committed 9856K, reserved 1048576K
}
Event: 430.708 GC heap before
{Heap before GC invocations=24 (full 7):
 PSYoungGen      total 430592K, used 359697K [0x0000000780d00000, 0x000000079c700000, 0x00000007c0000000)
  eden space 410624K, 87% used [0x0000000780d00000,0x0000000796c44730,0x0000000799e00000)
  from space 19968K, 0% used [0x000000079b380000,0x000000079b380000,0x000000079c700000)
  to   space 20992K, 0% used [0x0000000799e00000,0x0000000799e00000,0x000000079b280000)
 ParOldGen       total 183808K, used 37648K [0x0000000702600000, 0x000000070d980000, 0x0000000780d00000)
  object space 183808K, 20% used [0x0000000702600000,0x0000000704ac4178,0x000000070d980000)
 Metaspace       used 66319K, capacity 70540K, committed 70872K, reserved 1110016K
  class space    used 9153K, capacity 9873K, committed 9984K, reserved 1048576K
Event: 430.725 GC heap after
Heap after GC invocations=24 (full 7):
 PSYoungGen      total 421376K, used 10389K [0x0000000780d00000, 0x000000079c600000, 0x00000007c0000000)
  eden space 410624K, 0% used [0x0000000780d00000,0x0000000780d00000,0x0000000799e00000)
  from space 10752K, 96% used [0x0000000799e00000,0x000000079a8255f8,0x000000079a880000)
  to   space 20480K, 0% used [0x000000079b200000,0x000000079b200000,0x000000079c600000)
 ParOldGen       total 183808K, used 37656K [0x0000000702600000, 0x000000070d980000, 0x0000000780d00000)
  object space 183808K, 20% used [0x0000000702600000,0x0000000704ac6178,0x000000070d980000)
 Metaspace       used 66319K, capacity 70540K, committed 70872K, reserved 1110016K
  class space    used 9153K, capacity 9873K, committed 9984K, reserved 1048576K
}
Event: 430.725 GC heap before
{Heap before GC invocations=25 (full 8):
 PSYoungGen      total 421376K, used 10389K [0x0000000780d00000, 0x000000079c600000, 0x00000007c0000000)
  eden space 410624K, 0% used [0x0000000780d00000,0x0000000780d00000,0x0000000799e00000)
  from space 10752K, 96% used [0x0000000799e00000,0x000000079a8255f8,0x000000079a880000)
  to   space 20480K, 0% used [0x000000079b200000,0x000000079b200000,0x000000079c600000)
 ParOldGen       total 183808K, used 37656K [0x0000000702600000, 0x000000070d980000, 0x0000000780d00000)
  object space 183808K, 20% used [0x0000000702600000,0x0000000704ac6178,0x000000070d980000)
 Metaspace       used 66319K, capacity 70540K, committed 70872K, reserved 1110016K
  class space    used 9153K, capacity 9873K, committed 9984K, reserved 1048576K
Event: 431.181 GC heap after
Heap after GC invocations=25 (full 8):
 PSYoungGen      total 421376K, used 0K [0x0000000780d00000, 0x000000079c600000, 0x00000007c0000000)
  eden space 410624K, 0% used [0x0000000780d00000,0x0000000780d00000,0x0000000799e00000)
  from space 10752K, 0% used [0x0000000799e00000,0x0000000799e00000,0x000000079a880000)
  to   space 20480K, 0% used [0x000000079b200000,0x000000079b200000,0x000000079c600000)
 ParOldGen       total 183808K, used 39533K [0x0000000702600000, 0x000000070d980000, 0x0000000780d00000)
  object space 183808K, 21% used [0x0000000702600000,0x0000000704c9b528,0x000000070d980000)
 Metaspace       used 66287K, capacity 70452K, committed 70872K, reserved 1110016K
  class space    used 9150K, capacity 9870K, committed 9984K, reserved 1048576K
}

