# JRE version: Java(TM) SE Runtime Environment (8.0_131-b11) (build 1.8.0_131-b11)
# Java VM: Java HotSpot(TM) 64-Bit Server VM (25.131-b11 mixed mode windows-amd64 compressed oops)
Heap:
 PSYoungGen      total 326144K, used 206924K [0x0000000780d00000, 0x000000079cd80000, 0x00000007c0000000)
  eden space 296960K, 59% used [0x0000000780d00000,0x000000078ba97158,0x0000000792f00000)
  from space 29184K, 99% used [0x0000000792f00000,0x0000000794b7c228,0x0000000794b80000)
  to   space 38912K, 46% used [0x000000079a780000,0x000000079b906bc8,0x000000079cd80000)
 ParOldGen       total 102912K, used 67255K [0x0000000702600000, 0x0000000708a80000, 0x0000000780d00000)
  object space 102912K, 65% used [0x0000000702600000,0x00000007067adde8,0x0000000708a80000)
 Metaspace       used 29911K, capacity 30858K, committed 30976K, reserved 1077248K
  class space    used 3329K, capacity 3579K, committed 3584K, reserved 1048576K
GC Heap History (10 events):
Event: 8.345 GC heap after
Heap after GC invocations=6 (full 0):
 PSYoungGen      total 212992K, used 9024K [0x0000000780d00000, 0x000000078ee00000, 0x00000007c0000000)
  eden space 196608K, 0% used [0x0000000780d00000,0x0000000780d00000,0x000000078cd00000)
  from space 16384K, 55% used [0x000000078de00000,0x000000078e6d02c0,0x000000078ee00000)
  to   space 16896K, 0% used [0x000000078cd00000,0x000000078cd00000,0x000000078dd80000)
 ParOldGen       total 130048K, used 19954K [0x0000000702600000, 0x000000070a500000, 0x0000000780d00000)
  object space 130048K, 15% used [0x0000000702600000,0x000000070397c8c8,0x000000070a500000)
 Metaspace       used 20588K, capacity 21112K, committed 21296K, reserved 1069056K
  class space    used 2466K, capacity 2623K, committed 2688K, reserved 1048576K
}
Event: 8.346 GC heap before
{Heap before GC invocations=7 (full 1):
 PSYoungGen      total 212992K, used 9024K [0x0000000780d00000, 0x000000078ee00000, 0x00000007c0000000)
  eden space 196608K, 0% used [0x0000000780d00000,0x0000000780d00000,0x000000078cd00000)
  from space 16384K, 55% used [0x000000078de00000,0x000000078e6d02c0,0x000000078ee00000)
  to   space 16896K, 0% used [0x000000078cd00000,0x000000078cd00000,0x000000078dd80000)
 ParOldGen       total 130048K, used 19954K [0x0000000702600000, 0x000000070a500000, 0x0000000780d00000)
  object space 130048K, 15% used [0x0000000702600000,0x000000070397c8c8,0x000000070a500000)
 Metaspace       used 20588K, capacity 21112K, committed 21296K, reserved 1069056K
  class space    used 2466K, capacity 2623K, committed 2688K, reserved 1048576K
Event: 8.474 GC heap after
Heap after GC invocations=7 (full 1):
 PSYoungGen      total 212992K, used 0K [0x0000000780d00000, 0x000000078ee00000, 0x00000007c0000000)
  eden space 196608K, 0% used [0x0000000780d00000,0x0000000780d00000,0x000000078cd00000)
  from space 16384K, 0% used [0x000000078de00000,0x000000078de00000,0x000000078ee00000)
  to   space 16896K, 0% used [0x000000078cd00000,0x000000078cd00000,0x000000078dd80000)
 ParOldGen       total 102912K, used 23004K [0x0000000702600000, 0x0000000708a80000, 0x0000000780d00000)
  object space 102912K, 22% used [0x0000000702600000,0x0000000703c77018,0x0000000708a80000)
 Metaspace       used 20588K, capacity 21112K, committed 21296K, reserved 1069056K
  class space    used 2466K, capacity 2623K, committed 2688K, reserved 1048576K
}
Event: 14.406 GC heap before
{Heap before GC invocations=8 (full 1):
 PSYoungGen      total 212992K, used 196608K [0x0000000780d00000, 0x000000078ee00000, 0x00000007c0000000)
  eden space 196608K, 100% used [0x0000000780d00000,0x000000078cd00000,0x000000078cd00000)
  from space 16384K, 0% used [0x000000078de00000,0x000000078de00000,0x000000078ee00000)
  to   space 16896K, 0% used [0x000000078cd00000,0x000000078cd00000,0x000000078dd80000)
 ParOldGen       total 102912K, used 23004K [0x0000000702600000, 0x0000000708a80000, 0x0000000780d00000)
  object space 102912K, 22% used [0x0000000702600000,0x0000000703c77018,0x0000000708a80000)
 Metaspace       used 23827K, capacity 24424K, committed 24704K, reserved 1071104K
  class space    used 2742K, capacity 2893K, committed 2944K, reserved 1048576K
Event: 14.473 GC heap after
Heap after GC invocations=8 (full 1):
 PSYoungGen      total 213504K, used 16890K [0x0000000780d00000, 0x0000000796400000, 0x00000007c0000000)
  eden space 196608K, 0% used [0x0000000780d00000,0x0000000780d00000,0x000000078cd00000)
  from space 16896K, 99% used [0x000000078cd00000,0x000000078dd7ea50,0x000000078dd80000)
  to   space 25088K, 0% used [0x0000000794b80000,0x0000000794b80000,0x0000000796400000)
 ParOldGen       total 102912K, used 35353K [0x0000000702600000, 0x0000000708a80000, 0x0000000780d00000)
  object space 102912K, 34% used [0x0000000702600000,0x00000007048866c0,0x0000000708a80000)
 Metaspace       used 23827K, capacity 24424K, committed 24704K, reserved 1071104K
  class space    used 2742K, capacity 2893K, committed 2944K, reserved 1048576K
}
Event: 17.678 GC heap before
{Heap before GC invocations=9 (full 1):
 PSYoungGen      total 213504K, used 213498K [0x0000000780d00000, 0x0000000796400000, 0x00000007c0000000)
  eden space 196608K, 100% used [0x0000000780d00000,0x000000078cd00000,0x000000078cd00000)
  from space 16896K, 99% used [0x000000078cd00000,0x000000078dd7ea50,0x000000078dd80000)
  to   space 25088K, 0% used [0x0000000794b80000,0x0000000794b80000,0x0000000796400000)
 ParOldGen       total 102912K, used 35353K [0x0000000702600000, 0x0000000708a80000, 0x0000000780d00000)
  object space 102912K, 34% used [0x0000000702600000,0x00000007048866c0,0x0000000708a80000)
 Metaspace       used 24401K, capacity 25126K, committed 25344K, reserved 1071104K
  class space    used 2798K, capacity 2953K, committed 3072K, reserved 1048576K
Event: 17.715 GC heap after
Heap after GC invocations=9 (full 1):
 PSYoungGen      total 322048K, used 25084K [0x0000000780d00000, 0x0000000796800000, 0x00000007c0000000)
  eden space 296960K, 0% used [0x0000000780d00000,0x0000000780d00000,0x0000000792f00000)
  from space 25088K, 99% used [0x0000000794b80000,0x00000007963ff2b8,0x0000000796400000)
  to   space 29184K, 0% used [0x0000000792f00000,0x0000000792f00000,0x0000000794b80000)
 ParOldGen       total 102912K, used 35925K [0x0000000702600000, 0x0000000708a80000, 0x0000000780d00000)
  object space 102912K, 34% used [0x0000000702600000,0x0000000704915580,0x0000000708a80000)
 Metaspace       used 24401K, capacity 25126K, committed 25344K, reserved 1071104K
  class space    used 2798K, capacity 2953K, committed 3072K, reserved 1048576K
}
Event: 25.240 GC heap before
{Heap before GC invocations=10 (full 1):
 PSYoungGen      total 322048K, used 322044K [0x0000000780d00000, 0x0000000796800000, 0x00000007c0000000)
  eden space 296960K, 100% used [0x0000000780d00000,0x0000000792f00000,0x0000000792f00000)
  from space 25088K, 99% used [0x0000000794b80000,0x00000007963ff2b8,0x0000000796400000)
  to   space 29184K, 0% used [0x0000000792f00000,0x0000000792f00000,0x0000000794b80000)
 ParOldGen       total 102912K, used 35925K [0x0000000702600000, 0x0000000708a80000, 0x0000000780d00000)
  object space 102912K, 34% used [0x0000000702600000,0x0000000704915580,0x0000000708a80000)
 Metaspace       used 26402K, capacity 27174K, committed 27264K, reserved 1073152K
  class space    used 2954K, capacity 3145K, committed 3200K, reserved 1048576K
Event: 25.296 GC heap after
Heap after GC invocations=10 (full 1):
 PSYoungGen      total 326144K, used 29168K [0x0000000780d00000, 0x000000079cd80000, 0x00000007c0000000)
  eden space 296960K, 0% used [0x0000000780d00000,0x0000000780d00000,0x0000000792f00000)
  from space 29184K, 99% used [0x0000000792f00000,0x0000000794b7c228,0x0000000794b80000)
  to   space 38912K, 0% used [0x000000079a780000,0x000000079a780000,0x000000079cd80000)
 ParOldGen       total 102912K, used 50319K [0x0000000702600000, 0x0000000708a80000, 0x0000000780d00000)
  object space 102912K, 48% used [0x0000000702600000,0x0000000705723c98,0x0000000708a80000)
 Metaspace       used 26402K, capacity 27174K, committed 27264K, reserved 1073152K
  class space    used 2954K, capacity 3145K, committed 3200K, reserved 1048576K
}
Event: 128.010 GC heap before
{Heap before GC invocations=11 (full 1):
 PSYoungGen      total 326144K, used 206924K [0x0000000780d00000, 0x000000079cd80000, 0x00000007c0000000)
  eden space 296960K, 59% used [0x0000000780d00000,0x000000078ba97158,0x0000000792f00000)
  from space 29184K, 99% used [0x0000000792f00000,0x0000000794b7c228,0x0000000794b80000)
  to   space 38912K, 0% used [0x000000079a780000,0x000000079a780000,0x000000079cd80000)
 ParOldGen       total 102912K, used 50319K [0x0000000702600000, 0x0000000708a80000, 0x0000000780d00000)
  object space 102912K, 48% used [0x0000000702600000,0x0000000705723c98,0x0000000708a80000)
 Metaspace       used 29911K, capacity 30858K, committed 30976K, reserved 1077248K
  class space    used 3329K, capacity 3579K, committed 3584K, reserved 1048576K

